[2023-02-04T16:40:48.534] [DEBUG] cheese - login => username:admin,password:123456
[2023-02-04T16:40:48.539] [DEBUG] cheese - admin
[2023-02-04T16:40:48.635] [DEBUG] cheese - null
[2023-02-04T16:40:48.636] [DEBUG] cheese - null
[2023-02-05T16:05:41.326] [DEBUG] cheese - login => username:admin,password:123456
[2023-02-05T16:05:41.327] [DEBUG] cheese - admin
[2023-02-05T16:05:41.469] [DEBUG] cheese - null
[2023-02-05T16:05:41.470] [DEBUG] cheese - null
[2023-02-05T16:06:19.381] [DEBUG] cheese - login => username:admin,password:123456
[2023-02-05T16:06:19.383] [DEBUG] cheese - admin
[2023-02-05T16:06:19.386] [DEBUG] cheese - null
[2023-02-05T16:06:19.386] [DEBUG] cheese - null
[2023-02-05T16:06:22.483] [DEBUG] cheese - login => username:admin1,password:123456
[2023-02-05T16:06:22.483] [DEBUG] cheese - admin1
[2023-02-05T16:06:22.486] [DEBUG] cheese - null
[2023-02-05T16:06:22.486] [DEBUG] cheese - null
[2023-02-05T16:10:59.955] [DEBUG] cheese - login => username:admin,password:123456
[2023-02-05T16:10:59.955] [DEBUG] cheese - admin
[2023-02-05T16:10:59.958] [DEBUG] cheese - null
[2023-02-05T16:10:59.959] [DEBUG] cheese - null
[2023-02-05T16:11:58.057] [DEBUG] cheese - login => username:admin,password:123456
[2023-02-05T16:11:58.057] [DEBUG] cheese - admin
[2023-02-05T16:11:58.062] [DEBUG] cheese - null
[2023-02-05T16:11:58.062] [DEBUG] cheese - null
[2023-02-05T16:12:14.260] [DEBUG] cheese - login => username:admin,password:123456
[2023-02-05T16:12:14.260] [DEBUG] cheese - admin
[2023-02-05T16:12:14.263] [DEBUG] cheese - null
[2023-02-05T16:12:14.263] [DEBUG] cheese - null
[2023-02-05T16:13:21.179] [DEBUG] cheese - login => username:admin,password:123456
[2023-02-05T16:13:21.179] [DEBUG] cheese - admin
[2023-02-05T16:13:21.182] [DEBUG] cheese - null
[2023-02-05T16:13:21.182] [DEBUG] cheese - null
[2023-02-05T16:13:55.868] [DEBUG] cheese - login => username:admin,password:123456
[2023-02-05T16:13:55.868] [DEBUG] cheese - admin
[2023-02-05T16:13:55.872] [DEBUG] cheese - null
[2023-02-05T16:13:55.872] [DEBUG] cheese - null
[2023-02-05T16:24:24.976] [DEBUG] cheese - login => username:admin,password:123456
[2023-02-05T16:24:24.976] [DEBUG] cheese - admin
[2023-02-05T16:24:24.979] [DEBUG] cheese - null
[2023-02-05T16:24:24.979] [DEBUG] cheese - null
[2023-02-05T16:25:11.635] [DEBUG] cheese - login => username:admin,password:123456
[2023-02-05T16:25:11.635] [DEBUG] cheese - admin
[2023-02-05T16:25:11.639] [DEBUG] cheese - null
[2023-02-05T16:25:11.639] [DEBUG] cheese - null
[2023-02-05T16:25:36.261] [DEBUG] cheese - login => username:admin,password:123456
[2023-02-05T16:25:36.261] [DEBUG] cheese - admin
[2023-02-05T16:25:36.264] [DEBUG] cheese - null
[2023-02-05T16:25:36.264] [DEBUG] cheese - null
[2023-02-06T08:59:14.676] [DEBUG] cheese - login => username:admin,password:123456
[2023-02-06T08:59:14.682] [DEBUG] cheese - admin
[2023-02-06T08:59:14.820] [DEBUG] cheese - null
[2023-02-06T08:59:14.821] [DEBUG] cheese - null
[2023-02-06T17:52:34.001] [DEBUG] cheese - null
[2023-02-06T17:53:00.182] [DEBUG] cheese - null
[2023-02-06T17:55:20.581] [DEBUG] cheese - null
[2023-02-06T17:55:52.558] [DEBUG] cheese - null
[2023-02-06T17:57:38.616] [DEBUG] cheese - null
[2023-02-06T17:58:24.534] [DEBUG] cheese - null
[2023-02-06T17:58:35.616] [DEBUG] cheese - null
[2023-02-06T23:22:59.116] [DEBUG] cheese - login => username:admin,password:123456
[2023-02-06T23:22:59.118] [DEBUG] cheese - admin
[2023-02-06T23:22:59.199] [DEBUG] cheese - null
[2023-02-06T23:22:59.199] [DEBUG] cheese - null
